Number in: 499.0, Number out: 501.0
Epoch 0: 
	Train loss: 2.50824775993824022891e-01	 Train acc: 0.46500000678002834098
	Val loss: 2.49452590942382812500e-01	 Val acc: 0.55400002002716064453
Epoch 1: 
	Train loss: 2.50349722802639007568e-01	 Train acc: 0.48300000645220281248
	Val loss: 2.48869672417640686035e-01	 Val acc: 0.62500000000000000000
Epoch 2: 
	Train loss: 2.49620887935161600568e-01	 Train acc: 0.49700000680983064116
	Val loss: 2.47698351740837097168e-01	 Val acc: 0.64399999380111694336
Epoch 3: 
	Train loss: 2.47848780751228320307e-01	 Train acc: 0.53200000591576102060
	Val loss: 2.44175359606742858887e-01	 Val acc: 0.70899999141693115234
Epoch 4: 
	Train loss: 2.41620604693889629022e-01	 Train acc: 0.60500000417232513428
	Val loss: 2.34724819660186767578e-01	 Val acc: 0.56300002336502075195
Epoch 5: 
	Train loss: 2.16199750900268550247e-01	 Train acc: 0.69000000342726708347
	Val loss: 1.85292571783065795898e-01	 Val acc: 0.71399998664855957031
Epoch 6: 
	Train loss: 1.59902681037783628293e-01	 Train acc: 0.77499999880790715334
	Val loss: 1.20461776852607727051e-01	 Val acc: 0.82300001382827758789
Epoch 7: 
	Train loss: 1.23479507640004163016e-01	 Train acc: 0.81499999761581420898
	Val loss: 8.08687433600425720215e-02	 Val acc: 0.89200001955032348633
Epoch 8: 
	Train loss: 1.05562536399811501830e-01	 Train acc: 0.84299999475479125977
	Val loss: 6.84333592653274536133e-02	 Val acc: 0.91000002622604370117
Epoch 9: 
	Train loss: 9.62861518142744954307e-02	 Train acc: 0.85299999564886097581
	Val loss: 6.80791437625885009766e-02	 Val acc: 0.90600001811981201172
Epoch 10: 
	Train loss: 8.81260777730494687665e-02	 Train acc: 0.87399999618530277434
	Val loss: 5.26234880089759826660e-02	 Val acc: 0.94099998474121093750
Epoch 11: 
	Train loss: 7.96523917629383543249e-02	 Train acc: 0.89699999213218684080
	Val loss: 5.27410246431827545166e-02	 Val acc: 0.93300002813339233398
Epoch 12: 
	Train loss: 7.25140331150032624308e-02	 Train acc: 0.90999999254941943416
	Val loss: 4.33874763548374176025e-02	 Val acc: 0.94800001382827758789
Epoch 13: 
	Train loss: 6.73909385665319854430e-02	 Train acc: 0.90799999177455903432
	Val loss: 6.17865957319736480713e-02	 Val acc: 0.91399997472763061523
Epoch 14: 
	Train loss: 7.27302156761288620679e-02	 Train acc: 0.90099999129772190276
	Val loss: 5.18642067909240722656e-02	 Val acc: 0.92599999904632568359
Epoch 15: 
	Train loss: 6.25610434717964319917e-02	 Train acc: 0.91599999129772191608
	Val loss: 5.13087697327136993408e-02	 Val acc: 0.93300002813339233398
Epoch 16: 
	Train loss: 6.33423547114944085479e-02	 Train acc: 0.91399999201297754681
	Val loss: 4.59600836038589477539e-02	 Val acc: 0.92799997329711914062
Epoch 17: 
	Train loss: 6.05855793113005344774e-02	 Train acc: 0.91699999392032627288
	Val loss: 3.33114974200725555420e-02	 Val acc: 0.95700001716613769531
Epoch 18: 
	Train loss: 5.91049930680310336983e-02	 Train acc: 0.91699999213218685856
	Val loss: 4.34966534376144409180e-02	 Val acc: 0.94800001382827758789
Epoch 19: 
	Train loss: 6.13375913369236525075e-02	 Train acc: 0.91299999296665190762
	Val loss: 3.64878475666046142578e-02	 Val acc: 0.95499998331069946289
Epoch 20: 
	Train loss: 5.24262030316458571555e-02	 Train acc: 0.92699999332427973631
	Val loss: 7.23994299769401550293e-02	 Val acc: 0.89800000190734863281
Epoch 21: 
	Train loss: 5.12848388265410917719e-02	 Train acc: 0.92599999308586122826
	Val loss: 6.20868951082229614258e-02	 Val acc: 0.90100002288818359375
Epoch 22: 
	Train loss: 5.24350421898998331205e-02	 Train acc: 0.92399999380111697000
	Val loss: 3.47204729914665222168e-02	 Val acc: 0.95200002193450927734
Epoch 23: 
	Train loss: 4.96434172851149893568e-02	 Train acc: 0.93699999332427974519
	Val loss: 3.79436835646629333496e-02	 Val acc: 0.94700002670288085938
Epoch 24: 
	Train loss: 5.18113807243207671882e-02	 Train acc: 0.93199999272823330632
	Val loss: 3.78554984927177429199e-02	 Val acc: 0.94599997997283935547
Epoch 25: 
	Train loss: 4.82837594229204095098e-02	 Train acc: 0.93099999248981479827
	Val loss: 3.30552756786346435547e-02	 Val acc: 0.95700001716613769531
Epoch 26: 
	Train loss: 5.26700630731647828631e-02	 Train acc: 0.92399999201297755569
	Val loss: 4.02031354606151580811e-02	 Val acc: 0.93599998950958251953
Epoch 27: 
	Train loss: 4.87978915183339273520e-02	 Train acc: 0.92999999463558191692
	Val loss: 3.73454056680202484131e-02	 Val acc: 0.94999998807907104492
Epoch 28: 
	Train loss: 4.48454907097038807384e-02	 Train acc: 0.93399999082088469571
	Val loss: 4.37812320888042449951e-02	 Val acc: 0.93599998950958251953
Epoch 29: 
	Train loss: 3.97316216606122887822e-02	 Train acc: 0.94599999070167539728
	Val loss: 4.25834544003009796143e-02	 Val acc: 0.94099998474121093750
Epoch 30: 
	Train loss: 5.00889502093923508208e-02	 Train acc: 0.93199999332427974075
	Val loss: 3.05212177336215972900e-02	 Val acc: 0.95700001716613769531
Epoch 31: 
	Train loss: 4.44192825274512884115e-02	 Train acc: 0.94099999248981480715
	Val loss: 3.11243534088134765625e-02	 Val acc: 0.95999997854232788086
Epoch 32: 
	Train loss: 4.07719511374307341800e-02	 Train acc: 0.93999999284744262251
	Val loss: 3.64012531936168670654e-02	 Val acc: 0.93999999761581420898
Epoch 33: 
	Train loss: 4.09903790698444916996e-02	 Train acc: 0.94099999308586124158
	Val loss: 3.57510708272457122803e-02	 Val acc: 0.94800001382827758789
Epoch 34: 
	Train loss: 4.18611889910243950563e-02	 Train acc: 0.93999999105930331922
	Val loss: 3.04494258016347885132e-02	 Val acc: 0.95300000905990600586
Epoch 35: 
	Train loss: 4.19165567868913027660e-02	 Train acc: 0.93899999141693113458
	Val loss: 3.57540920376777648926e-02	 Val acc: 0.94900000095367431641
Epoch 36: 
	Train loss: 4.18244176072767037677e-02	 Train acc: 0.93799999296665192983
	Val loss: 2.90420129895210266113e-02	 Val acc: 0.96399998664855957031
Epoch 37: 
	Train loss: 3.94680007547140096480e-02	 Train acc: 0.94199999153614044634
	Val loss: 2.91322860866785049438e-02	 Val acc: 0.96600002050399780273
Epoch 38: 
	Train loss: 4.01875213013408935647e-02	 Train acc: 0.93599999248981480271
	Val loss: 3.37862260639667510986e-02	 Val acc: 0.95599997043609619141
Epoch 39: 
	Train loss: 3.75034433815017095859e-02	 Train acc: 0.94099999248981480715
	Val loss: 2.99199204891920089722e-02	 Val acc: 0.96700000762939453125
Epoch 40: 
	Train loss: 3.80461913641920515539e-02	 Train acc: 0.94099999070167539283
	Val loss: 2.92573291808366775513e-02	 Val acc: 0.95999997854232788086
Epoch 41: 
	Train loss: 3.64674678316441736037e-02	 Train acc: 0.94599999129772183171
	Val loss: 3.49926725029945373535e-02	 Val acc: 0.95300000905990600586
Epoch 42: 
	Train loss: 3.88936256897432011681e-02	 Train acc: 0.94599999368190768045
	Val loss: 3.18413972854614257812e-02	 Val acc: 0.96100002527236938477
Epoch 43: 
	Train loss: 3.58054761206585692168e-02	 Train acc: 0.95099999189376827058
	Val loss: 3.05315703153610229492e-02	 Val acc: 0.95499998331069946289
Epoch 44: 
	Train loss: 3.58376965987554294002e-02	 Train acc: 0.94999999225139619696
	Val loss: 2.84445397555828094482e-02	 Val acc: 0.96700000762939453125
Epoch 45: 
	Train loss: 3.54297511897675582171e-02	 Train acc: 0.94999999284744263139
	Val loss: 3.50840613245964050293e-02	 Val acc: 0.94599997997283935547
Epoch 46: 
	Train loss: 3.42025969543647070936e-02	 Train acc: 0.94899999320507044676
	Val loss: 2.76108253747224807739e-02	 Val acc: 0.96600002050399780273
Epoch 47: 
	Train loss: 3.39321741993626330158e-02	 Train acc: 0.95199999272823332408
	Val loss: 3.86612638831138610840e-02	 Val acc: 0.93900001049041748047
Epoch 48: 
	Train loss: 3.75089571627904641571e-02	 Train acc: 0.94499999284744262695
	Val loss: 3.96690145134925842285e-02	 Val acc: 0.93900001049041748047
Epoch 49: 
	Train loss: 3.29458228315706938560e-02	 Train acc: 0.95599999248981470945
	Val loss: 2.39943284541368484497e-02	 Val acc: 0.96899998188018798828

==> End of training after 3.6632940769195557 seconds. Generating a new test set

Final test loss: 0.020	Final test acc: 0.97	Final test error 0.03
