Number in: 499.0, Number out: 501.0
Epoch 0: 
	Train loss: 2.51041624277701713730e-01	 Train acc: 0.49500000752508638291
	Val loss: 2.49362100231482475277e-01	 Val acc: 0.50499999523162841797
Epoch 1: 
	Train loss: 2.50088621782609710209e-01	 Train acc: 0.49500000722706316569
	Val loss: 2.48609160914950166887e-01	 Val acc: 0.61000001430511474609
Epoch 2: 
	Train loss: 2.48976082031030554464e-01	 Train acc: 0.51900000713765626070
	Val loss: 2.46671280429686584634e-01	 Val acc: 0.65200001001358032227
Epoch 3: 
	Train loss: 2.45262191016025699053e-01	 Train acc: 0.57500000581145283007
	Val loss: 2.39489620800399566347e-01	 Val acc: 0.64600002765655517578
Epoch 4: 
	Train loss: 2.27680678783032053314e-01	 Train acc: 0.66100000075995923865
	Val loss: 2.17678941225390304437e-01	 Val acc: 0.57899999618530273438
Epoch 5: 
	Train loss: 1.80668711883250288075e-01	 Train acc: 0.72900000073015691626
	Val loss: 1.79137064647772709103e-01	 Val acc: 0.68800002336502075195
Epoch 6: 
	Train loss: 1.36177260502687969002e-01	 Train acc: 0.80299999654293063855
	Val loss: 1.08417253047849659886e-01	 Val acc: 0.84899997711181640625
Epoch 7: 
	Train loss: 1.11607733375803416798e-01	 Train acc: 0.83399999260902402121
	Val loss: 9.70400045956374968092e-02	 Val acc: 0.85699999332427978516
Epoch 8: 
	Train loss: 9.53514129045205938162e-02	 Train acc: 0.86599999189376830611
	Val loss: 1.07629910802024081340e-01	 Val acc: 0.83399999141693115234
Epoch 9: 
	Train loss: 8.47989545580610515341e-02	 Train acc: 0.88899999380111693892
	Val loss: 8.75723569723845934876e-02	 Val acc: 0.87500000000000000000
Epoch 10: 
	Train loss: 8.54602227848235973529e-02	 Train acc: 0.87999999344348911468
	Val loss: 6.20709581067485915984e-02	 Val acc: 0.90899997949600219727
Epoch 11: 
	Train loss: 8.75210036769719645910e-02	 Train acc: 0.87799999207258228040
	Val loss: 6.68395149751041250941e-02	 Val acc: 0.91799998283386230469
Epoch 12: 
	Train loss: 7.70387496349763944981e-02	 Train acc: 0.89899999290704724064
	Val loss: 5.99888659930582837654e-02	 Val acc: 0.92100000381469726562
Epoch 13: 
	Train loss: 6.79388519903293408575e-02	 Train acc: 0.91499999344348903474
	Val loss: 6.46175696274975397415e-02	 Val acc: 0.90600001811981201172
Epoch 14: 
	Train loss: 6.18004004790184136020e-02	 Train acc: 0.91699999153614042413
	Val loss: 5.80534686290834697764e-02	 Val acc: 0.91500002145767211914
Epoch 15: 
	Train loss: 6.47642344450274493051e-02	 Train acc: 0.90899999380111695668
	Val loss: 1.04881498854327681602e-01	 Val acc: 0.85399997234344482422
Epoch 16: 
	Train loss: 5.78838532090720017664e-02	 Train acc: 0.91999999165534973589
	Val loss: 5.15786259056473309070e-02	 Val acc: 0.93099999427795410156
Epoch 17: 
	Train loss: 6.50852759995970420182e-02	 Train acc: 0.90599999248981477606
	Val loss: 5.47003265520661016708e-02	 Val acc: 0.92900002002716064453
Epoch 18: 
	Train loss: 5.25364138547406434032e-02	 Train acc: 0.93399999260902399900
	Val loss: 8.26822411156437203639e-02	 Val acc: 0.89600002765655517578
Epoch 19: 
	Train loss: 5.52392607030355725639e-02	 Train acc: 0.92699999153614043301
	Val loss: 6.25989799830334592290e-02	 Val acc: 0.90899997949600219727
Epoch 20: 
	Train loss: 6.21488563600766930062e-02	 Train acc: 0.90999999463558201018
	Val loss: 5.64434875195811702753e-02	 Val acc: 0.92400002479553222656
Epoch 21: 
	Train loss: 5.25257246826380461147e-02	 Train acc: 0.92899999260902399456
	Val loss: 4.99093852418116337710e-02	 Val acc: 0.93300002813339233398
Epoch 22: 
	Train loss: 4.96736799553669852725e-02	 Train acc: 0.94099999308586124158
	Val loss: 4.85770418073245766055e-02	 Val acc: 0.93400001525878906250
Epoch 23: 
	Train loss: 4.98724860129687377897e-02	 Train acc: 0.93499999165534974921
	Val loss: 5.34263282894214611152e-02	 Val acc: 0.92400002479553222656
Epoch 24: 
	Train loss: 5.07963777521288073480e-02	 Train acc: 0.93199999332427974075
	Val loss: 3.43690498099420010947e-02	 Val acc: 0.95899999141693115234
Epoch 25: 
	Train loss: 4.20433833018908909018e-02	 Train acc: 0.94499999344348906138
	Val loss: 5.27217032365023124951e-02	 Val acc: 0.92500001192092895508
Epoch 26: 
	Train loss: 5.05400221707908228752e-02	 Train acc: 0.93099999308586123270
	Val loss: 4.52101718581856756862e-02	 Val acc: 0.93800002336502075195
Epoch 27: 
	Train loss: 4.60297303904991308987e-02	 Train acc: 0.93899999380111698333
	Val loss: 5.12346282280221679284e-02	 Val acc: 0.92599999904632568359
Epoch 28: 
	Train loss: 4.54906420531791880202e-02	 Train acc: 0.93699999332427974519
	Val loss: 5.04139412499339523155e-02	 Val acc: 0.92699998617172241211
Epoch 29: 
	Train loss: 4.18731849298127206671e-02	 Train acc: 0.94799999296665193871
	Val loss: 6.41438896583394618789e-02	 Val acc: 0.90899997949600219727
Epoch 30: 
	Train loss: 4.31798016686119473517e-02	 Train acc: 0.94599999308586124602
	Val loss: 4.62439681889011480753e-02	 Val acc: 0.93699997663497924805
Epoch 31: 
	Train loss: 5.08961737689724441625e-02	 Train acc: 0.93099999248981479827
	Val loss: 2.83841860299176643179e-02	 Val acc: 0.96299999952316284180
Epoch 32: 
	Train loss: 4.23807613411074923793e-02	 Train acc: 0.94399999380111698777
	Val loss: 3.11971498676333648670e-02	 Val acc: 0.95899999141693115234
Epoch 33: 
	Train loss: 3.95473747278123829996e-02	 Train acc: 0.94999999344348906583
	Val loss: 4.82200423954282017536e-02	 Val acc: 0.93199998140335083008
Epoch 34: 
	Train loss: 4.04304021007309694058e-02	 Train acc: 0.94699999392032618850
	Val loss: 3.71702185279863608902e-02	 Val acc: 0.95200002193450927734
Epoch 35: 
	Train loss: 3.84654719123115884649e-02	 Train acc: 0.94699999451637273395
	Val loss: 4.26033455483880788006e-02	 Val acc: 0.94300001859664916992
Epoch 36: 
	Train loss: 3.95536871414549559556e-02	 Train acc: 0.94199999392032618406
	Val loss: 6.90748903950547804564e-02	 Val acc: 0.91299998760223388672
Epoch 37: 
	Train loss: 4.27890151194280851654e-02	 Train acc: 0.94299999475479123756
	Val loss: 4.93084450860417702889e-02	 Val acc: 0.93400001525878906250
Epoch 38: 
	Train loss: 3.89825990998873828097e-02	 Train acc: 0.94199999332427974963
	Val loss: 3.69516443910970493469e-02	 Val acc: 0.94700002670288085938
Epoch 39: 
	Train loss: 3.44599514213852070599e-02	 Train acc: 0.95399999320507045120
	Val loss: 4.74580062290665891100e-02	 Val acc: 0.92799997329711914062
Epoch 40: 
	Train loss: 3.62311110524048338166e-02	 Train acc: 0.95599999368190768934
	Val loss: 6.40215267943294863429e-02	 Val acc: 0.90299999713897705078
Epoch 41: 
	Train loss: 3.97782319311975676723e-02	 Train acc: 0.94199999392032618406
	Val loss: 2.68371533199346298804e-02	 Val acc: 0.96100002527236938477
Epoch 42: 
	Train loss: 3.19854326103019351302e-02	 Train acc: 0.95899999320507045564
	Val loss: 3.62943194448345982095e-02	 Val acc: 0.94700002670288085938
Epoch 43: 
	Train loss: 3.68309036786839752442e-02	 Train acc: 0.94299999237060549984
	Val loss: 2.69738732333822742171e-02	 Val acc: 0.96100002527236938477
Epoch 44: 
	Train loss: 3.29722500466284457188e-02	 Train acc: 0.95399999260902401677
	Val loss: 8.93565630909725627795e-02	 Val acc: 0.88899999856948852539
Epoch 45: 
	Train loss: 3.41961155924848242416e-02	 Train acc: 0.94899999201297757789
	Val loss: 2.84786333811018303741e-02	 Val acc: 0.95800000429153442383
Epoch 46: 
	Train loss: 3.61687490697213606672e-02	 Train acc: 0.94999999403953550026
	Val loss: 3.76254350972679701970e-02	 Val acc: 0.95099997520446777344
Epoch 47: 
	Train loss: 3.62636241844780174426e-02	 Train acc: 0.94399999201297757345
	Val loss: 2.81291423765223543019e-02	 Val acc: 0.96700000762939453125
Epoch 48: 
	Train loss: 3.24606316289243052031e-02	 Train acc: 0.95299999237060550872
	Val loss: 4.65993724664824915394e-02	 Val acc: 0.94400000572204589844
Epoch 49: 
	Train loss: 2.95879355650163766711e-02	 Train acc: 0.96199999272823333296
	Val loss: 2.84757035884661939551e-02	 Val acc: 0.95700001716613769531

==> End of training after 3.356658458709717 seconds. Generating a new test set

Final test loss: 0.025	Final test acc: 0.96	Final test error 0.04
